<?xml version="1.0" encoding="UTF-8"?>
<!-- Generated by org.testng.reporters.JUnitXMLReporter -->
<testsuite hostname="GB-TEST-0004" ignored="0" name="Command line test" tests="1" failures="1" timestamp="2024-05-16T16:29:19 IST" time="5.162" errors="0">
  <testcase name="feature" time="4.683" classname="cucumber.api.testng.AbstractTestNGCucumberTests">
    <failure type="cucumber.runtime.CucumberException" message="java.lang.AssertionError: error navigating to url">
      <![CDATA[cucumber.runtime.CucumberException: java.lang.AssertionError: error navigating to url
at cucumber.api.testng.TestNGCucumberRunner.runCucumber(TestNGCucumberRunner.java:69)
at cucumber.api.testng.AbstractTestNGCucumberTests.feature(AbstractTestNGCucumberTests.java:21)
at java.util.ArrayList.forEach(ArrayList.java:1249)
at runners.TestRunner.main(TestRunner.java:24)
Caused by: java.lang.AssertionError: error navigating to url
at commonMethods.PageReusable.navigate(PageReusable.java:415)
at stepDefinitions.loginIGRS.i_launch_application(loginIGRS.java:21)
at âœ½.Given launch the igrs application in browser(C:/Users/santhoshi.g/Desktop/IGRS-Cucumber/src/main/java/features/login.feature:3)
... Removed 25 stack frames]]>
    </failure>
  </testcase> <!-- feature -->
</testsuite> <!-- Command line test -->
