<html>
<head>
<title>TestNG:  Command line test</title>
<link href="../testng.css" rel="stylesheet" type="text/css" />
<link href="../my-testng.css" rel="stylesheet" type="text/css" />

<style type="text/css">
.log { display: none;} 
.stack-trace { display: none;} 
</style>
<script type="text/javascript">
<!--
function flip(e) {
  current = e.style.display;
  if (current == 'block') {
    e.style.display = 'none';
    return 0;
  }
  else {
    e.style.display = 'block';
    return 1;
  }
}

function toggleBox(szDivId, elem, msg1, msg2)
{
  var res = -1;  if (document.getElementById) {
    res = flip(document.getElementById(szDivId));
  }
  else if (document.all) {
    // this is the way old msie versions work
    res = flip(document.all[szDivId]);
  }
  if(elem) {
    if(res == 0) elem.innerHTML = msg1; else elem.innerHTML = msg2;
  }

}

function toggleAllBoxes() {
  if (document.getElementsByTagName) {
    d = document.getElementsByTagName('div');
    for (i = 0; i < d.length; i++) {
      if (d[i].className == 'log') {
        flip(d[i]);
      }
    }
  }
}

// -->
</script>

</head>
<body>
<h2 align='center'>Command line test</h2><table border='1' align="center">
<tr>
<td>Tests passed/Failed/Skipped:</td><td>0/1/0</td>
</tr><tr>
<td>Started on:</td><td>Thu May 16 16:29:14 IST 2024</td>
</tr>
<tr><td>Total time:</td><td>5 seconds (5162 ms)</td>
</tr><tr>
<td>Included groups:</td><td></td>
</tr><tr>
<td>Excluded groups:</td><td></td>
</tr>
</table><p/>
<small><i>(Hover the method name to see the test class name)</i></small><p/>
<table width='100%' border='1' class='invocation-failed'>
<tr><td colspan='4' align='center'><b>FAILED TESTS</b></td></tr>
<tr><td><b>Test method</b></td>
<td width="30%"><b>Exception</b></td>
<td width="10%"><b>Time (seconds)</b></td>
<td><b>Instance</b></td>
</tr>
<tr>
<td title='runners.RunCukes.feature()'><b>feature</b><br>Test class: runners.RunCukes<br>Test method: Runs Cucumber Feature<br>Parameters: Test login functionality<br/>
<a href="#Output-1191863711" onClick='toggleBox("Output-1191863711", this, "Show output", "Hide output");'>Show output</a>

<a href="#Output-1191863711" onClick="toggleAllBoxes();">Show all outputs</a>
<div class='log' id="Output-1191863711">
org.openqa.selenium.SessionNotCreatedException: session not created: This version of ChromeDriver only supports Chrome version 114
Current browser version is 124.0.6367.203 with binary path C:\Program Files\Google\Chrome\Application\chrome.exe
Build info: version: '3.141.59', revision: 'e82be7d358', time: '2018-11-14T08:17:03'
System info: host: 'GB-TEST-0004', ip: '10.2.36.22', os.name: 'Windows 10', os.arch: 'amd64', os.version: '10.0', java.version: '1.8.0_144'
Driver info: driver.version: ChromeDriver
remote stacktrace: Backtrace:
	GetHandleVerifier [0x00FEA813+48355]
	(No symbol) [0x00F7C4B1]
	(No symbol) [0x00E85358]
	(No symbol) [0x00EA61AC]
	(No symbol) [0x00EA1EF3]
	(No symbol) [0x00EA0579]
	(No symbol) [0x00ED0C55]
	(No symbol) [0x00ED093C]
	(No symbol) [0x00ECA536]
	(No symbol) [0x00EA82DC]
	(No symbol) [0x00EA93DD]
	GetHandleVerifier [0x0124AABD+2539405]
	GetHandleVerifier [0x0128A78F+2800735]
	GetHandleVerifier [0x0128456C+2775612]
	GetHandleVerifier [0x010751E0+616112]
	(No symbol) [0x00F85F8C]
	(No symbol) [0x00F82328]
	(No symbol) [0x00F8240B]
	(No symbol) [0x00F74FF7]
	BaseThreadInitThunk [0x757500C9+25]
	RtlGetAppContainerNamedObjectPath [0x775D7B4E+286]
	RtlGetAppContainerNamedObjectPath [0x775D7B1E+238]
<br/>
</div>
</td>
<td><div><pre>cucumber.runtime.CucumberException: java.lang.AssertionError: error navigating to url
	at cucumber.api.testng.TestNGCucumberRunner.runCucumber(TestNGCucumberRunner.java:69)
	at cucumber.api.testng.AbstractTestNGCucumberTests.feature(AbstractTestNGCucumberTests.java:21)
	at java.util.ArrayList.forEach(ArrayList.java:1249)
	at runners.TestRunner.main(TestRunner.java:24)
Caused by: java.lang.AssertionError: error navigating to url
	at commonMethods.PageReusable.navigate(PageReusable.java:415)
	at stepDefinitions.loginIGRS.i_launch_application(loginIGRS.java:21)
	at ✽.Given launch the igrs application in browser(C:/Users/santhoshi.g/Desktop/IGRS-Cucumber/src/main/java/features/login.feature:3)
... Removed 25 stack frames</pre></div><a href='#' onClick='toggleBox("stack-trace1191863711", this, "Click to show all stack frames", "Click to hide stack frames")'>Click to show all stack frames</a>
<div class='stack-trace' id='stack-trace1191863711'><pre>cucumber.runtime.CucumberException: java.lang.AssertionError: error navigating to url
	at cucumber.api.testng.TestNGCucumberRunner.runCucumber(TestNGCucumberRunner.java:69)
	at cucumber.api.testng.AbstractTestNGCucumberTests.feature(AbstractTestNGCucumberTests.java:21)
	at sun.reflect.NativeMethodAccessorImpl.invoke0(Native Method)
	at sun.reflect.NativeMethodAccessorImpl.invoke(NativeMethodAccessorImpl.java:62)
	at sun.reflect.DelegatingMethodAccessorImpl.invoke(DelegatingMethodAccessorImpl.java:43)
	at java.lang.reflect.Method.invoke(Method.java:498)
	at org.testng.internal.MethodInvocationHelper.invokeMethod(MethodInvocationHelper.java:134)
	at org.testng.internal.TestInvoker.invokeMethod(TestInvoker.java:597)
	at org.testng.internal.TestInvoker.invokeTestMethod(TestInvoker.java:173)
	at org.testng.internal.MethodRunner.runInSequence(MethodRunner.java:46)
	at org.testng.internal.TestInvoker$MethodInvocationAgent.invoke(TestInvoker.java:816)
	at org.testng.internal.TestInvoker.invokeTestMethods(TestInvoker.java:146)
	at org.testng.internal.TestMethodWorker.invokeTestMethods(TestMethodWorker.java:146)
	at org.testng.internal.TestMethodWorker.run(TestMethodWorker.java:128)
	at java.util.ArrayList.forEach(ArrayList.java:1249)
	at org.testng.TestRunner.privateRun(TestRunner.java:766)
	at org.testng.TestRunner.run(TestRunner.java:587)
	at org.testng.SuiteRunner.runTest(SuiteRunner.java:384)
	at org.testng.SuiteRunner.runSequentially(SuiteRunner.java:378)
	at org.testng.SuiteRunner.privateRun(SuiteRunner.java:337)
	at org.testng.SuiteRunner.run(SuiteRunner.java:286)
	at org.testng.SuiteRunnerWorker.runSuite(SuiteRunnerWorker.java:53)
	at org.testng.SuiteRunnerWorker.run(SuiteRunnerWorker.java:96)
	at org.testng.TestNG.runSuitesSequentially(TestNG.java:1187)
	at org.testng.TestNG.runSuitesLocally(TestNG.java:1109)
	at org.testng.TestNG.runSuites(TestNG.java:1039)
	at org.testng.TestNG.run(TestNG.java:1007)
	at runners.TestRunner.main(TestRunner.java:24)
Caused by: java.lang.AssertionError: error navigating to url
	at org.testng.Assert.fail(Assert.java:97)
	at commonMethods.PageReusable.navigate(PageReusable.java:415)
	at stepDefinitions.loginIGRS.i_launch_application(loginIGRS.java:21)
	at ✽.Given launch the igrs application in browser(C:/Users/santhoshi.g/Desktop/IGRS-Cucumber/src/main/java/features/login.feature:3)
</pre></div></td>
<td>4</td>
<td>runners.RunCukes@3c73951</td></tr>
</table><p>
</body>
</html>