<?xml version="1.0" encoding="UTF-8"?>
<!-- Generated by org.testng.reporters.JUnitReportReporter -->
<testsuite skipped="0" hostname="GB-TEST-0004" name="runners.RunCukes" tests="1" failures="0" timestamp="2024-05-16T16:29:19 IST" time="4.683" errors="1">
  <testcase name="feature" time="4.683" classname="runners.RunCukes">
    <error type="cucumber.runtime.CucumberException" message="java.lang.AssertionError: error navigating to url">
      <![CDATA[cucumber.runtime.CucumberException: java.lang.AssertionError: error navigating to url
at cucumber.api.testng.TestNGCucumberRunner.runCucumber(TestNGCucumberRunner.java:69)
at cucumber.api.testng.AbstractTestNGCucumberTests.feature(AbstractTestNGCucumberTests.java:21)
at sun.reflect.NativeMethodAccessorImpl.invoke0(Native Method)
at sun.reflect.NativeMethodAccessorImpl.invoke(NativeMethodAccessorImpl.java:62)
at sun.reflect.DelegatingMethodAccessorImpl.invoke(DelegatingMethodAccessorImpl.java:43)
at java.lang.reflect.Method.invoke(Method.java:498)
at org.testng.internal.MethodInvocationHelper.invokeMethod(MethodInvocationHelper.java:134)
at org.testng.internal.TestInvoker.invokeMethod(TestInvoker.java:597)
at org.testng.internal.TestInvoker.invokeTestMethod(TestInvoker.java:173)
at org.testng.internal.MethodRunner.runInSequence(MethodRunner.java:46)
at org.testng.internal.TestInvoker$MethodInvocationAgent.invoke(TestInvoker.java:816)
at org.testng.internal.TestInvoker.invokeTestMethods(TestInvoker.java:146)
at org.testng.internal.TestMethodWorker.invokeTestMethods(TestMethodWorker.java:146)
at org.testng.internal.TestMethodWorker.run(TestMethodWorker.java:128)
at java.util.ArrayList.forEach(ArrayList.java:1249)
at org.testng.TestRunner.privateRun(TestRunner.java:766)
at org.testng.TestRunner.run(TestRunner.java:587)
at org.testng.SuiteRunner.runTest(SuiteRunner.java:384)
at org.testng.SuiteRunner.runSequentially(SuiteRunner.java:378)
at org.testng.SuiteRunner.privateRun(SuiteRunner.java:337)
at org.testng.SuiteRunner.run(SuiteRunner.java:286)
at org.testng.SuiteRunnerWorker.runSuite(SuiteRunnerWorker.java:53)
at org.testng.SuiteRunnerWorker.run(SuiteRunnerWorker.java:96)
at org.testng.TestNG.runSuitesSequentially(TestNG.java:1187)
at org.testng.TestNG.runSuitesLocally(TestNG.java:1109)
at org.testng.TestNG.runSuites(TestNG.java:1039)
at org.testng.TestNG.run(TestNG.java:1007)
at runners.TestRunner.main(TestRunner.java:24)
Caused by: java.lang.AssertionError: error navigating to url
at org.testng.Assert.fail(Assert.java:97)
at commonMethods.PageReusable.navigate(PageReusable.java:415)
at stepDefinitions.loginIGRS.i_launch_application(loginIGRS.java:21)
at âœ½.Given launch the igrs application in browser(C:/Users/santhoshi.g/Desktop/IGRS-Cucumber/src/main/java/features/login.feature:3)
]]>
    </error>
  </testcase> <!-- feature -->
  <system-out>
org.openqa.selenium.SessionNotCreatedException: session not created: This version of ChromeDriver only supports Chrome version 114
Current browser version is 124.0.6367.203 with binary path C:\Program Files\Google\Chrome\Application\chrome.exe
Build info: version: '3.141.59', revision: 'e82be7d358', time: '2018-11-14T08:17:03'
System info: host: 'GB-TEST-0004', ip: '10.2.36.22', os.name: 'Windows 10', os.arch: 'amd64', os.version: '10.0', java.version: '1.8.0_144'
Driver info: driver.version: ChromeDriver
remote stacktrace: Backtrace:
	GetHandleVerifier [0x00FEA813+48355]
	(No symbol) [0x00F7C4B1]
	(No symbol) [0x00E85358]
	(No symbol) [0x00EA61AC]
	(No symbol) [0x00EA1EF3]
	(No symbol) [0x00EA0579]
	(No symbol) [0x00ED0C55]
	(No symbol) [0x00ED093C]
	(No symbol) [0x00ECA536]
	(No symbol) [0x00EA82DC]
	(No symbol) [0x00EA93DD]
	GetHandleVerifier [0x0124AABD+2539405]
	GetHandleVerifier [0x0128A78F+2800735]
	GetHandleVerifier [0x0128456C+2775612]
	GetHandleVerifier [0x010751E0+616112]
	(No symbol) [0x00F85F8C]
	(No symbol) [0x00F82328]
	(No symbol) [0x00F8240B]
	(No symbol) [0x00F74FF7]
	BaseThreadInitThunk [0x757500C9+25]
	RtlGetAppContainerNamedObjectPath [0x775D7B4E+286]
	RtlGetAppContainerNamedObjectPath [0x775D7B1E+238]
  </system-out>
</testsuite> <!-- runners.RunCukes -->
